2021-07-19 22:13:05.0659|INFO|IVG.Web.Mvc.Common.NLogManager|Entity of type "tbl_CasesRequest" in state "Added" has the following validation errors:
2021-07-19 22:13:05.1019|INFO|IVG.Web.Mvc.Common.NLogManager|- Property: "Code", Error: "The field Code must be a string with a maximum length of 20."
2021-07-19 22:13:05.1019|ERROR|IVG.Web.Mvc.Common.NLogManager|System.Data.Entity.Validation.DbEntityValidationException: Validation failed for one or more entities. See 'EntityValidationErrors' property for more details.
   at System.Data.Entity.Internal.InternalContext.SaveChanges()
   at System.Data.Entity.Internal.LazyInternalContext.SaveChanges()
   at System.Data.Entity.DbContext.SaveChanges()
   at IVG.Web.Mvc.Controllers.DealerController.AddRequest(AddRequestInputDto i) in D:\IVG\Sharp\Codes\IVG.SharpVN\SharpVN\IVG.Web.Mvc\Controllers\DealerController.cs:line 158
2021-07-19 23:07:23.2858|ERROR|IVG.Web.Mvc.Common.NLogManager|System.NullReferenceException: Object reference not set to an instance of an object.
   at IVG.Web.Mvc.Controllers.DealerController.AddRequest(AddRequestInputDto i) in D:\IVG\Sharp\Codes\IVG.SharpVN\SharpVN\IVG.Web.Mvc\Controllers\DealerController.cs:line 107
2021-07-19 23:07:29.6831|ERROR|IVG.Web.Mvc.Common.NLogManager|System.NullReferenceException: Object reference not set to an instance of an object.
   at IVG.Web.Mvc.Controllers.DealerController.AddRequest(AddRequestInputDto i) in D:\IVG\Sharp\Codes\IVG.SharpVN\SharpVN\IVG.Web.Mvc\Controllers\DealerController.cs:line 107
2021-07-19 23:07:30.8260|ERROR|IVG.Web.Mvc.Common.NLogManager|System.NullReferenceException: Object reference not set to an instance of an object.
   at IVG.Web.Mvc.Controllers.DealerController.AddRequest(AddRequestInputDto i) in D:\IVG\Sharp\Codes\IVG.SharpVN\SharpVN\IVG.Web.Mvc\Controllers\DealerController.cs:line 107
2021-07-19 23:07:31.5485|ERROR|IVG.Web.Mvc.Common.NLogManager|System.NullReferenceException: Object reference not set to an instance of an object.
   at IVG.Web.Mvc.Controllers.DealerController.AddRequest(AddRequestInputDto i) in D:\IVG\Sharp\Codes\IVG.SharpVN\SharpVN\IVG.Web.Mvc\Controllers\DealerController.cs:line 107
2021-07-19 23:07:32.3408|ERROR|IVG.Web.Mvc.Common.NLogManager|System.NullReferenceException: Object reference not set to an instance of an object.
   at IVG.Web.Mvc.Controllers.DealerController.AddRequest(AddRequestInputDto i) in D:\IVG\Sharp\Codes\IVG.SharpVN\SharpVN\IVG.Web.Mvc\Controllers\DealerController.cs:line 107
2021-07-19 23:08:04.5784|ERROR|IVG.Web.Mvc.Common.NLogManager|System.Data.Entity.Validation.DbEntityValidationException: Validation failed for one or more entities. See 'EntityValidationErrors' property for more details.
   at System.Data.Entity.Internal.InternalContext.SaveChanges()
   at System.Data.Entity.Internal.LazyInternalContext.SaveChanges()
   at System.Data.Entity.DbContext.SaveChanges()
   at IVG.Web.Mvc.Controllers.DealerController.AddRequest(AddRequestInputDto i) in D:\IVG\Sharp\Codes\IVG.SharpVN\SharpVN\IVG.Web.Mvc\Controllers\DealerController.cs:line 159
2021-07-19 23:08:06.5504|ERROR|IVG.Web.Mvc.Common.NLogManager|System.Data.Entity.Validation.DbEntityValidationException: Validation failed for one or more entities. See 'EntityValidationErrors' property for more details.
   at System.Data.Entity.Internal.InternalContext.SaveChanges()
   at System.Data.Entity.Internal.LazyInternalContext.SaveChanges()
   at System.Data.Entity.DbContext.SaveChanges()
   at IVG.Web.Mvc.Controllers.DealerController.AddRequest(AddRequestInputDto i) in D:\IVG\Sharp\Codes\IVG.SharpVN\SharpVN\IVG.Web.Mvc\Controllers\DealerController.cs:line 159
2021-07-19 23:10:37.5493|ERROR|IVG.Web.Mvc.Common.NLogManager|System.Data.Entity.Validation.DbEntityValidationException: Validation failed for one or more entities. See 'EntityValidationErrors' property for more details.
   at System.Data.Entity.Internal.InternalContext.SaveChanges()
   at System.Data.Entity.Internal.LazyInternalContext.SaveChanges()
   at System.Data.Entity.DbContext.SaveChanges()
   at IVG.Web.Mvc.Controllers.DealerController.AddRequest(AddRequestInputDto i) in D:\IVG\Sharp\Codes\IVG.SharpVN\SharpVN\IVG.Web.Mvc\Controllers\DealerController.cs:line 159
2021-07-19 23:11:41.0283|ERROR|IVG.Web.Mvc.Common.NLogManager|System.Data.Entity.Validation.DbEntityValidationException: Validation failed for one or more entities. See 'EntityValidationErrors' property for more details.
   at System.Data.Entity.Internal.InternalContext.SaveChanges()
   at System.Data.Entity.Internal.LazyInternalContext.SaveChanges()
   at System.Data.Entity.DbContext.SaveChanges()
   at IVG.Web.Mvc.Controllers.DealerController.AddRequest(AddRequestInputDto i) in D:\IVG\Sharp\Codes\IVG.SharpVN\SharpVN\IVG.Web.Mvc\Controllers\DealerController.cs:line 159
2021-07-19 23:13:50.8065|ERROR|IVG.Web.Mvc.Common.NLogManager|System.NullReferenceException: Object reference not set to an instance of an object.
   at IVG.Web.Mvc.Controllers.DealerController.AddRequest(AddRequestInputDto i) in D:\IVG\Sharp\Codes\IVG.SharpVN\SharpVN\IVG.Web.Mvc\Controllers\DealerController.cs:line 107
2021-07-19 23:14:13.1912|ERROR|IVG.Web.Mvc.Common.NLogManager|System.NullReferenceException: Object reference not set to an instance of an object.
   at IVG.Web.Mvc.Controllers.DealerController.AddRequest(AddRequestInputDto i) in D:\IVG\Sharp\Codes\IVG.SharpVN\SharpVN\IVG.Web.Mvc\Controllers\DealerController.cs:line 107
2021-07-19 23:14:14.4127|ERROR|IVG.Web.Mvc.Common.NLogManager|System.NullReferenceException: Object reference not set to an instance of an object.
   at IVG.Web.Mvc.Controllers.DealerController.AddRequest(AddRequestInputDto i) in D:\IVG\Sharp\Codes\IVG.SharpVN\SharpVN\IVG.Web.Mvc\Controllers\DealerController.cs:line 107
2021-07-19 23:14:15.1951|ERROR|IVG.Web.Mvc.Common.NLogManager|System.NullReferenceException: Object reference not set to an instance of an object.
   at IVG.Web.Mvc.Controllers.DealerController.AddRequest(AddRequestInputDto i) in D:\IVG\Sharp\Codes\IVG.SharpVN\SharpVN\IVG.Web.Mvc\Controllers\DealerController.cs:line 107
2021-07-19 23:14:15.7583|ERROR|IVG.Web.Mvc.Common.NLogManager|System.NullReferenceException: Object reference not set to an instance of an object.
   at IVG.Web.Mvc.Controllers.DealerController.AddRequest(AddRequestInputDto i) in D:\IVG\Sharp\Codes\IVG.SharpVN\SharpVN\IVG.Web.Mvc\Controllers\DealerController.cs:line 107
2021-07-19 23:14:15.9702|ERROR|IVG.Web.Mvc.Common.NLogManager|System.NullReferenceException: Object reference not set to an instance of an object.
   at IVG.Web.Mvc.Controllers.DealerController.AddRequest(AddRequestInputDto i) in D:\IVG\Sharp\Codes\IVG.SharpVN\SharpVN\IVG.Web.Mvc\Controllers\DealerController.cs:line 107
2021-07-19 23:16:44.6235|ERROR|IVG.Web.Mvc.Common.NLogManager|System.NullReferenceException: Object reference not set to an instance of an object.
   at IVG.Web.Mvc.Controllers.DealerController.AddRequest(AddRequestInputDto i) in D:\IVG\Sharp\Codes\IVG.SharpVN\SharpVN\IVG.Web.Mvc\Controllers\DealerController.cs:line 107
2021-07-19 23:18:10.5921|ERROR|IVG.Web.Mvc.Common.NLogManager|System.NullReferenceException: Object reference not set to an instance of an object.
   at IVG.Web.Mvc.Controllers.DealerController.AddRequest(AddRequestInputDto i) in D:\IVG\Sharp\Codes\IVG.SharpVN\SharpVN\IVG.Web.Mvc\Controllers\DealerController.cs:line 107
