2021-08-01 12:30:25.5252|ERROR|IVG.Web.Mvc.Common.NLogManager|System.Data.Entity.Core.EntityCommandExecutionException: An error occurred while reading from the store provider's data reader. See the inner exception for details. ---> System.Data.SqlClient.SqlException: Conversion failed when converting from a character string to uniqueidentifier.
   at System.Data.SqlClient.SqlConnection.OnError(SqlException exception, Boolean breakConnection, Action`1 wrapCloseInAction)
   at System.Data.SqlClient.SqlInternalConnection.OnError(SqlException exception, Boolean breakConnection, Action`1 wrapCloseInAction)
   at System.Data.SqlClient.TdsParser.ThrowExceptionAndWarning(TdsParserStateObject stateObj, Boolean callerHasConnectionLock, Boolean asyncClose)
   at System.Data.SqlClient.TdsParser.TryRun(RunBehavior runBehavior, SqlCommand cmdHandler, SqlDataReader dataStream, BulkCopySimpleResultSet bulkCopyHandler, TdsParserStateObject stateObj, Boolean& dataReady)
   at System.Data.SqlClient.SqlDataReader.TryHasMoreRows(Boolean& moreRows)
   at System.Data.SqlClient.SqlDataReader.TryReadInternal(Boolean setTimeout, Boolean& more)
   at System.Data.SqlClient.SqlDataReader.Read()
   at System.Data.Entity.Core.Common.Internal.Materialization.Shaper`1.StoreRead()
   --- End of inner exception stack trace ---
   at System.Data.Entity.Core.Common.Internal.Materialization.Shaper`1.HandleReaderException(Exception e)
   at System.Data.Entity.Core.Common.Internal.Materialization.Shaper`1.StoreRead()
   at System.Data.Entity.Core.Common.Internal.Materialization.Shaper`1.SimpleEnumerator.MoveNext()
   at System.Data.Entity.Internal.LazyEnumerator`1.MoveNext()
   at System.Linq.Enumerable.Single[TSource](IEnumerable`1 source)
   at System.Data.Entity.Core.Objects.ELinq.ObjectQueryProvider.<GetElementFunction>b__3[TResult](IEnumerable`1 sequence)
   at System.Data.Entity.Core.Objects.ELinq.ObjectQueryProvider.ExecuteSingle[TResult](IEnumerable`1 query, Expression queryRoot)
   at System.Data.Entity.Core.Objects.ELinq.ObjectQueryProvider.System.Linq.IQueryProvider.Execute[TResult](Expression expression)
   at System.Data.Entity.Internal.Linq.DbQueryProvider.Execute[TResult](Expression expression)
   at System.Linq.Queryable.Count[TSource](IQueryable`1 source)
   at IVG.Web.Mvc.API.CaseRequestController.<GetRequest>d__1.MoveNext() in D:\IVG\Sharp\Codes\IVG.SharpVN\SharpVN\IVG.Web.Mvc\API\CaseRequestController.cs:line 27
2021-08-01 12:30:26.2349|ERROR|IVG.Web.Mvc.Common.NLogManager|System.Data.Entity.Core.EntityCommandExecutionException: An error occurred while reading from the store provider's data reader. See the inner exception for details. ---> System.Data.SqlClient.SqlException: Conversion failed when converting from a character string to uniqueidentifier.
   at System.Data.SqlClient.SqlConnection.OnError(SqlException exception, Boolean breakConnection, Action`1 wrapCloseInAction)
   at System.Data.SqlClient.SqlInternalConnection.OnError(SqlException exception, Boolean breakConnection, Action`1 wrapCloseInAction)
   at System.Data.SqlClient.TdsParser.ThrowExceptionAndWarning(TdsParserStateObject stateObj, Boolean callerHasConnectionLock, Boolean asyncClose)
   at System.Data.SqlClient.TdsParser.TryRun(RunBehavior runBehavior, SqlCommand cmdHandler, SqlDataReader dataStream, BulkCopySimpleResultSet bulkCopyHandler, TdsParserStateObject stateObj, Boolean& dataReady)
   at System.Data.SqlClient.SqlDataReader.TryHasMoreRows(Boolean& moreRows)
   at System.Data.SqlClient.SqlDataReader.TryReadInternal(Boolean setTimeout, Boolean& more)
   at System.Data.SqlClient.SqlDataReader.Read()
   at System.Data.Entity.Core.Common.Internal.Materialization.Shaper`1.StoreRead()
   --- End of inner exception stack trace ---
   at System.Data.Entity.Core.Common.Internal.Materialization.Shaper`1.HandleReaderException(Exception e)
   at System.Data.Entity.Core.Common.Internal.Materialization.Shaper`1.StoreRead()
   at System.Data.Entity.Core.Common.Internal.Materialization.Shaper`1.SimpleEnumerator.MoveNext()
   at System.Data.Entity.Internal.LazyEnumerator`1.MoveNext()
   at System.Linq.Enumerable.Single[TSource](IEnumerable`1 source)
   at System.Data.Entity.Core.Objects.ELinq.ObjectQueryProvider.<GetElementFunction>b__3[TResult](IEnumerable`1 sequence)
   at System.Data.Entity.Core.Objects.ELinq.ObjectQueryProvider.ExecuteSingle[TResult](IEnumerable`1 query, Expression queryRoot)
   at System.Data.Entity.Core.Objects.ELinq.ObjectQueryProvider.System.Linq.IQueryProvider.Execute[TResult](Expression expression)
   at System.Data.Entity.Internal.Linq.DbQueryProvider.Execute[TResult](Expression expression)
   at System.Linq.Queryable.Count[TSource](IQueryable`1 source)
   at IVG.Web.Mvc.API.CaseRequestController.<GetRequest>d__1.MoveNext() in D:\IVG\Sharp\Codes\IVG.SharpVN\SharpVN\IVG.Web.Mvc\API\CaseRequestController.cs:line 27
2021-08-01 12:31:25.4272|ERROR|IVG.Web.Mvc.Common.NLogManager|System.Data.Entity.Core.EntityCommandExecutionException: An error occurred while reading from the store provider's data reader. See the inner exception for details. ---> System.Data.SqlClient.SqlException: Conversion failed when converting from a character string to uniqueidentifier.
   at System.Data.SqlClient.SqlConnection.OnError(SqlException exception, Boolean breakConnection, Action`1 wrapCloseInAction)
   at System.Data.SqlClient.SqlInternalConnection.OnError(SqlException exception, Boolean breakConnection, Action`1 wrapCloseInAction)
   at System.Data.SqlClient.TdsParser.ThrowExceptionAndWarning(TdsParserStateObject stateObj, Boolean callerHasConnectionLock, Boolean asyncClose)
   at System.Data.SqlClient.TdsParser.TryRun(RunBehavior runBehavior, SqlCommand cmdHandler, SqlDataReader dataStream, BulkCopySimpleResultSet bulkCopyHandler, TdsParserStateObject stateObj, Boolean& dataReady)
   at System.Data.SqlClient.SqlDataReader.TryHasMoreRows(Boolean& moreRows)
   at System.Data.SqlClient.SqlDataReader.TryReadInternal(Boolean setTimeout, Boolean& more)
   at System.Data.SqlClient.SqlDataReader.Read()
   at System.Data.Entity.Core.Common.Internal.Materialization.Shaper`1.StoreRead()
   --- End of inner exception stack trace ---
   at System.Data.Entity.Core.Common.Internal.Materialization.Shaper`1.HandleReaderException(Exception e)
   at System.Data.Entity.Core.Common.Internal.Materialization.Shaper`1.StoreRead()
   at System.Data.Entity.Core.Common.Internal.Materialization.Shaper`1.SimpleEnumerator.MoveNext()
   at System.Data.Entity.Internal.LazyEnumerator`1.MoveNext()
   at System.Linq.Enumerable.Single[TSource](IEnumerable`1 source)
   at System.Data.Entity.Core.Objects.ELinq.ObjectQueryProvider.<GetElementFunction>b__3[TResult](IEnumerable`1 sequence)
   at System.Data.Entity.Core.Objects.ELinq.ObjectQueryProvider.ExecuteSingle[TResult](IEnumerable`1 query, Expression queryRoot)
   at System.Data.Entity.Core.Objects.ELinq.ObjectQueryProvider.System.Linq.IQueryProvider.Execute[TResult](Expression expression)
   at System.Data.Entity.Internal.Linq.DbQueryProvider.Execute[TResult](Expression expression)
   at System.Linq.Queryable.Count[TSource](IQueryable`1 source)
   at IVG.Web.Mvc.API.CaseRequestController.<GetRequest>d__1.MoveNext() in D:\IVG\Sharp\Codes\IVG.SharpVN\SharpVN\IVG.Web.Mvc\API\CaseRequestController.cs:line 27
2021-08-01 12:37:37.6314|ERROR|IVG.Web.Mvc.Common.NLogManager|System.InvalidOperationException: The 'NgayKTVKiemTra' property on 'DanhSachCaseRequest' could not be set to a 'System.DateTime' value. You must set this property to a non-null value of type 'System.String'. 
   at System.Data.Entity.Core.Common.Internal.Materialization.Shaper.ErrorHandlingValueReader`1.GetValue(DbDataReader reader, Int32 ordinal)
   at lambda_method(Closure , Shaper )
   at System.Data.Entity.Core.Common.Internal.Materialization.Shaper.HandleEntityAppendOnly[TEntity](Func`2 constructEntityDelegate, EntityKey entityKey, EntitySet entitySet)
   at lambda_method(Closure , Shaper )
   at System.Data.Entity.Core.Common.Internal.Materialization.Coordinator`1.ReadNextElement(Shaper shaper)
   at System.Data.Entity.Core.Common.Internal.Materialization.Shaper`1.SimpleEnumerator.MoveNext()
   at System.Data.Entity.Internal.LazyEnumerator`1.MoveNext()
   at System.Collections.Generic.List`1..ctor(IEnumerable`1 collection)
   at System.Linq.Enumerable.ToList[TSource](IEnumerable`1 source)
   at IVG.Web.Mvc.API.CaseRequestController.<GetRequest>d__1.MoveNext() in D:\IVG\Sharp\Codes\IVG.SharpVN\SharpVN\IVG.Web.Mvc\API\CaseRequestController.cs:line 90
2021-08-01 12:54:54.2868|ERROR|IVG.Web.Mvc.Common.NLogManager|System.NullReferenceException: Object reference not set to an instance of an object.
   at IVG.Web.Mvc.Controllers.DealerController.Update(CreateOrEditCaseRequestDto i) in D:\IVG\Sharp\Codes\IVG.SharpVN\SharpVN\IVG.Web.Mvc\Controllers\DealerController.cs:line 280
2021-08-01 12:54:56.5662|ERROR|IVG.Web.Mvc.Common.NLogManager|System.NullReferenceException: Object reference not set to an instance of an object.
   at IVG.Web.Mvc.Controllers.DealerController.Update(CreateOrEditCaseRequestDto i) in D:\IVG\Sharp\Codes\IVG.SharpVN\SharpVN\IVG.Web.Mvc\Controllers\DealerController.cs:line 280
2021-08-01 12:54:57.7280|ERROR|IVG.Web.Mvc.Common.NLogManager|System.NullReferenceException: Object reference not set to an instance of an object.
   at IVG.Web.Mvc.Controllers.DealerController.Update(CreateOrEditCaseRequestDto i) in D:\IVG\Sharp\Codes\IVG.SharpVN\SharpVN\IVG.Web.Mvc\Controllers\DealerController.cs:line 280
2021-08-01 12:54:57.9404|ERROR|IVG.Web.Mvc.Common.NLogManager|System.NullReferenceException: Object reference not set to an instance of an object.
   at IVG.Web.Mvc.Controllers.DealerController.Update(CreateOrEditCaseRequestDto i) in D:\IVG\Sharp\Codes\IVG.SharpVN\SharpVN\IVG.Web.Mvc\Controllers\DealerController.cs:line 280
2021-08-01 12:54:58.1672|ERROR|IVG.Web.Mvc.Common.NLogManager|System.NullReferenceException: Object reference not set to an instance of an object.
   at IVG.Web.Mvc.Controllers.DealerController.Update(CreateOrEditCaseRequestDto i) in D:\IVG\Sharp\Codes\IVG.SharpVN\SharpVN\IVG.Web.Mvc\Controllers\DealerController.cs:line 280
2021-08-01 12:54:58.3676|ERROR|IVG.Web.Mvc.Common.NLogManager|System.NullReferenceException: Object reference not set to an instance of an object.
   at IVG.Web.Mvc.Controllers.DealerController.Update(CreateOrEditCaseRequestDto i) in D:\IVG\Sharp\Codes\IVG.SharpVN\SharpVN\IVG.Web.Mvc\Controllers\DealerController.cs:line 280
2021-08-01 12:54:58.5694|ERROR|IVG.Web.Mvc.Common.NLogManager|System.NullReferenceException: Object reference not set to an instance of an object.
   at IVG.Web.Mvc.Controllers.DealerController.Update(CreateOrEditCaseRequestDto i) in D:\IVG\Sharp\Codes\IVG.SharpVN\SharpVN\IVG.Web.Mvc\Controllers\DealerController.cs:line 280
2021-08-01 12:54:58.7667|ERROR|IVG.Web.Mvc.Common.NLogManager|System.NullReferenceException: Object reference not set to an instance of an object.
   at IVG.Web.Mvc.Controllers.DealerController.Update(CreateOrEditCaseRequestDto i) in D:\IVG\Sharp\Codes\IVG.SharpVN\SharpVN\IVG.Web.Mvc\Controllers\DealerController.cs:line 280
2021-08-01 12:54:59.2678|ERROR|IVG.Web.Mvc.Common.NLogManager|System.NullReferenceException: Object reference not set to an instance of an object.
   at IVG.Web.Mvc.Controllers.DealerController.Update(CreateOrEditCaseRequestDto i) in D:\IVG\Sharp\Codes\IVG.SharpVN\SharpVN\IVG.Web.Mvc\Controllers\DealerController.cs:line 280
2021-08-01 12:54:59.5020|ERROR|IVG.Web.Mvc.Common.NLogManager|System.NullReferenceException: Object reference not set to an instance of an object.
   at IVG.Web.Mvc.Controllers.DealerController.Update(CreateOrEditCaseRequestDto i) in D:\IVG\Sharp\Codes\IVG.SharpVN\SharpVN\IVG.Web.Mvc\Controllers\DealerController.cs:line 280
2021-08-01 12:54:59.7449|ERROR|IVG.Web.Mvc.Common.NLogManager|System.NullReferenceException: Object reference not set to an instance of an object.
   at IVG.Web.Mvc.Controllers.DealerController.Update(CreateOrEditCaseRequestDto i) in D:\IVG\Sharp\Codes\IVG.SharpVN\SharpVN\IVG.Web.Mvc\Controllers\DealerController.cs:line 280
2021-08-01 12:55:00.5817|ERROR|IVG.Web.Mvc.Common.NLogManager|System.NullReferenceException: Object reference not set to an instance of an object.
   at IVG.Web.Mvc.Controllers.DealerController.Update(CreateOrEditCaseRequestDto i) in D:\IVG\Sharp\Codes\IVG.SharpVN\SharpVN\IVG.Web.Mvc\Controllers\DealerController.cs:line 280
2021-08-01 12:55:00.8034|ERROR|IVG.Web.Mvc.Common.NLogManager|System.NullReferenceException: Object reference not set to an instance of an object.
   at IVG.Web.Mvc.Controllers.DealerController.Update(CreateOrEditCaseRequestDto i) in D:\IVG\Sharp\Codes\IVG.SharpVN\SharpVN\IVG.Web.Mvc\Controllers\DealerController.cs:line 280
2021-08-01 12:55:01.0227|ERROR|IVG.Web.Mvc.Common.NLogManager|System.NullReferenceException: Object reference not set to an instance of an object.
   at IVG.Web.Mvc.Controllers.DealerController.Update(CreateOrEditCaseRequestDto i) in D:\IVG\Sharp\Codes\IVG.SharpVN\SharpVN\IVG.Web.Mvc\Controllers\DealerController.cs:line 280
2021-08-01 12:55:01.2205|ERROR|IVG.Web.Mvc.Common.NLogManager|System.NullReferenceException: Object reference not set to an instance of an object.
   at IVG.Web.Mvc.Controllers.DealerController.Update(CreateOrEditCaseRequestDto i) in D:\IVG\Sharp\Codes\IVG.SharpVN\SharpVN\IVG.Web.Mvc\Controllers\DealerController.cs:line 280
2021-08-01 12:59:42.4531|ERROR|IVG.Web.Mvc.Common.NLogManager|System.NullReferenceException: Object reference not set to an instance of an object.
   at IVG.Web.Mvc.Controllers.DealerController.Update(CreateOrEditCaseRequestDto i) in D:\IVG\Sharp\Codes\IVG.SharpVN\SharpVN\IVG.Web.Mvc\Controllers\DealerController.cs:line 280
2021-08-01 13:00:12.3952|ERROR|IVG.Web.Mvc.Common.NLogManager|System.NullReferenceException: Object reference not set to an instance of an object.
   at IVG.Web.Mvc.Controllers.DealerController.Update(CreateOrEditCaseRequestDto i) in D:\IVG\Sharp\Codes\IVG.SharpVN\SharpVN\IVG.Web.Mvc\Controllers\DealerController.cs:line 280
2021-08-01 13:04:46.7279|ERROR|IVG.Web.Mvc.Common.NLogManager|System.NullReferenceException: Object reference not set to an instance of an object.
   at IVG.Web.Mvc.Controllers.DealerController.Update(CreateOrEditCaseRequestDto i) in D:\IVG\Sharp\Codes\IVG.SharpVN\SharpVN\IVG.Web.Mvc\Controllers\DealerController.cs:line 280
